2025-05-13 21:16:27,019 | INFO | hids | Starting HIDS-Web API... (version: 2.0.0)
2025-05-13 21:16:27,022 | INFO | hids | Creating database tables (if not exist)...
2025-05-13 21:16:27,027 | INFO | hids | Database ready.
2025-05-13 21:50:18,162 | INFO | hids | Shutting down application...
2025-05-13 21:55:48,004 | INFO | hids | Starting HIDS-Web API... (version: 2.0.0)
2025-05-13 21:55:48,007 | INFO | hids | Creating database tables (if not exist)...
2025-05-13 21:55:48,013 | INFO | hids | Database ready.
2025-05-13 22:20:04,717 | INFO | hids | Shutting down application...
2025-05-13 22:20:07,326 | INFO | hids | Starting HIDS-Web API... (version: 2.0.0)
2025-05-13 22:20:07,330 | INFO | hids | Creating database tables (if not exist)...
2025-05-13 22:20:07,341 | INFO | hids | Database ready.
2025-05-13 22:20:08,070 | INFO | hids | Shutting down application...
2025-05-13 22:20:08,759 | INFO | hids | Starting HIDS-Web API... (version: 2.0.0)
2025-05-13 22:20:08,762 | INFO | hids | Creating database tables (if not exist)...
2025-05-13 22:20:08,767 | INFO | hids | Database ready.
2025-05-13 22:20:15,466 | INFO | hids | Shutting down application...
2025-05-13 22:20:16,105 | INFO | hids | Starting HIDS-Web API... (version: 2.0.0)
2025-05-13 22:20:16,108 | INFO | hids | Creating database tables (if not exist)...
2025-05-13 22:20:16,113 | INFO | hids | Database ready.
2025-05-13 22:20:17,620 | INFO | hids | Shutting down application...
2025-05-13 22:20:18,217 | INFO | hids | Starting HIDS-Web API... (version: 2.0.0)
2025-05-13 22:20:18,220 | INFO | hids | Creating database tables (if not exist)...
2025-05-13 22:20:18,225 | INFO | hids | Database ready.
2025-05-13 22:20:21,305 | INFO | hids | Shutting down application...
2025-05-13 22:20:21,888 | INFO | hids | Starting HIDS-Web API... (version: 2.0.0)
2025-05-13 22:20:21,891 | INFO | hids | Creating database tables (if not exist)...
2025-05-13 22:20:21,896 | INFO | hids | Database ready.
2025-05-13 22:20:23,074 | INFO | hids | Shutting down application...
2025-05-13 22:20:21,427 | INFO | hids | Starting HIDS-Web API... (version: 2.0.0)
2025-05-13 22:20:21,430 | INFO | hids | Creating database tables (if not exist)...
2025-05-13 22:20:21,435 | INFO | hids | Database ready.
2025-05-13 22:20:24,499 | INFO | hids | Shutting down application...
2025-05-13 22:20:25,103 | INFO | hids | Starting HIDS-Web API... (version: 2.0.0)
2025-05-13 22:20:25,106 | INFO | hids | Creating database tables (if not exist)...
2025-05-13 22:20:25,112 | INFO | hids | Database ready.
2025-05-13 22:20:28,244 | INFO | hids | Shutting down application...
2025-05-13 22:20:28,829 | INFO | hids | Starting HIDS-Web API... (version: 2.0.0)
2025-05-13 22:20:28,831 | INFO | hids | Creating database tables (if not exist)...
2025-05-13 22:20:28,836 | INFO | hids | Database ready.
2025-05-13 22:20:33,293 | INFO | hids | Shutting down application...
2025-05-13 22:20:33,883 | INFO | hids | Starting HIDS-Web API... (version: 2.0.0)
2025-05-13 22:20:33,886 | INFO | hids | Creating database tables (if not exist)...
2025-05-13 22:20:33,892 | INFO | hids | Database ready.
2025-05-13 22:20:36,478 | INFO | hids | Shutting down application...
2025-05-13 22:20:37,056 | INFO | hids | Starting HIDS-Web API... (version: 2.0.0)
2025-05-13 22:20:37,059 | INFO | hids | Creating database tables (if not exist)...
2025-05-13 22:20:37,065 | INFO | hids | Database ready.
2025-05-13 22:20:38,672 | INFO | hids | Shutting down application...
2025-05-13 22:20:39,239 | INFO | hids | Starting HIDS-Web API... (version: 2.0.0)
2025-05-13 22:20:39,242 | INFO | hids | Creating database tables (if not exist)...
2025-05-13 22:20:39,246 | INFO | hids | Database ready.
2025-05-13 22:20:49,893 | INFO | hids | Shutting down application...
2025-05-13 22:20:50,538 | INFO | hids | Starting HIDS-Web API... (version: 2.0.0)
2025-05-13 22:20:50,541 | INFO | hids | Creating database tables (if not exist)...
2025-05-13 22:20:50,546 | INFO | hids | Database ready.
2025-05-13 22:20:54,645 | INFO | hids | Shutting down application...
2025-05-13 22:20:55,171 | INFO | hids | Starting HIDS-Web API... (version: 2.0.0)
2025-05-13 22:20:55,174 | INFO | hids | Creating database tables (if not exist)...
2025-05-13 22:20:55,179 | INFO | hids | Database ready.
2025-05-13 22:20:58,271 | INFO | hids | Shutting down application...
2025-05-13 22:20:58,846 | INFO | hids | Starting HIDS-Web API... (version: 2.0.0)
2025-05-13 22:20:58,850 | INFO | hids | Creating database tables (if not exist)...
2025-05-13 22:20:58,856 | INFO | hids | Database ready.
2025-05-13 22:21:03,824 | INFO | hids | Shutting down application...
2025-05-13 22:21:04,410 | INFO | hids | Starting HIDS-Web API... (version: 2.0.0)
2025-05-13 22:21:04,414 | INFO | hids | Creating database tables (if not exist)...
2025-05-13 22:21:04,420 | INFO | hids | Database ready.
2025-05-13 22:21:06,825 | INFO | hids | Shutting down application...
2025-05-13 22:21:07,443 | INFO | hids | Starting HIDS-Web API... (version: 2.0.0)
2025-05-13 22:21:07,446 | INFO | hids | Creating database tables (if not exist)...
2025-05-13 22:21:07,452 | INFO | hids | Database ready.
2025-05-13 22:21:09,410 | INFO | hids | Shutting down application...
2025-05-13 22:21:09,975 | INFO | hids | Starting HIDS-Web API... (version: 2.0.0)
2025-05-13 22:21:09,977 | INFO | hids | Creating database tables (if not exist)...
2025-05-13 22:21:09,982 | INFO | hids | Database ready.
2025-05-13 22:21:14,774 | INFO | hids | Shutting down application...
2025-05-13 22:21:15,429 | INFO | hids | Starting HIDS-Web API... (version: 2.0.0)
2025-05-13 22:21:15,433 | INFO | hids | Creating database tables (if not exist)...
2025-05-13 22:21:15,439 | INFO | hids | Database ready.
2025-05-13 22:21:17,055 | INFO | hids | Shutting down application...
2025-05-13 22:21:17,610 | INFO | hids | Starting HIDS-Web API... (version: 2.0.0)
2025-05-13 22:21:17,613 | INFO | hids | Creating database tables (if not exist)...
2025-05-13 22:21:17,618 | INFO | hids | Database ready.
2025-05-13 22:21:18,317 | INFO | hids | Shutting down application...
2025-05-13 22:21:18,904 | INFO | hids | Starting HIDS-Web API... (version: 2.0.0)
2025-05-13 22:21:18,906 | INFO | hids | Creating database tables (if not exist)...
2025-05-13 22:21:18,912 | INFO | hids | Database ready.
2025-05-13 22:21:21,571 | INFO | hids | Shutting down application...
2025-05-13 22:21:22,117 | INFO | hids | Starting HIDS-Web API... (version: 2.0.0)
2025-05-13 22:21:22,119 | INFO | hids | Creating database tables (if not exist)...
2025-05-13 22:21:22,124 | INFO | hids | Database ready.
2025-05-13 22:21:26,502 | INFO | hids | Shutting down application...
2025-05-13 22:21:27,088 | INFO | hids | Starting HIDS-Web API... (version: 2.0.0)
2025-05-13 22:21:27,091 | INFO | hids | Creating database tables (if not exist)...
2025-05-13 22:21:27,097 | INFO | hids | Database ready.
2025-05-13 22:21:33,293 | INFO | hids | Shutting down application...
2025-05-13 22:21:33,913 | INFO | hids | Starting HIDS-Web API... (version: 2.0.0)
2025-05-13 22:21:33,915 | INFO | hids | Creating database tables (if not exist)...
2025-05-13 22:21:33,921 | INFO | hids | Database ready.
2025-05-13 22:21:52,089 | INFO | hids | Shutting down application...
2025-05-13 22:21:52,656 | INFO | hids | Starting HIDS-Web API... (version: 2.0.0)
2025-05-13 22:21:52,659 | INFO | hids | Creating database tables (if not exist)...
2025-05-13 22:21:52,665 | INFO | hids | Database ready.
2025-05-13 22:21:54,576 | INFO | hids | Shutting down application...
2025-05-13 22:21:55,179 | INFO | hids | Starting HIDS-Web API... (version: 2.0.0)
2025-05-13 22:21:55,187 | INFO | hids | Creating database tables (if not exist)...
2025-05-13 22:21:55,199 | INFO | hids | Database ready.
2025-05-13 22:21:56,917 | INFO | hids | Shutting down application...
2025-05-13 22:21:57,482 | INFO | hids | Starting HIDS-Web API... (version: 2.0.0)
2025-05-13 22:21:57,487 | INFO | hids | Creating database tables (if not exist)...
2025-05-13 22:21:57,493 | INFO | hids | Database ready.
2025-05-13 22:22:10,383 | INFO | hids | Shutting down application...
2025-05-13 22:22:11,726 | INFO | hids | Starting HIDS-Web API... (version: 2.0.0)
2025-05-13 22:22:11,729 | INFO | hids | Creating database tables (if not exist)...
2025-05-13 22:22:11,735 | INFO | hids | Database ready.
2025-05-13 22:22:18,998 | INFO | hids | Shutting down application...
2025-05-13 22:22:19,702 | INFO | hids | Starting HIDS-Web API... (version: 2.0.0)
2025-05-13 22:22:19,705 | INFO | hids | Creating database tables (if not exist)...
2025-05-13 22:22:19,711 | INFO | hids | Database ready.
2025-05-13 22:22:24,109 | INFO | hids | Shutting down application...
2025-05-13 22:22:24,713 | INFO | hids | Starting HIDS-Web API... (version: 2.0.0)
2025-05-13 22:22:24,716 | INFO | hids | Creating database tables (if not exist)...
2025-05-13 22:22:24,721 | INFO | hids | Database ready.
2025-05-13 22:22:29,670 | INFO | hids | Shutting down application...
2025-05-13 22:22:30,279 | INFO | hids | Starting HIDS-Web API... (version: 2.0.0)
2025-05-13 22:22:30,284 | INFO | hids | Creating database tables (if not exist)...
2025-05-13 22:22:30,290 | INFO | hids | Database ready.
2025-05-13 22:24:44,210 | INFO | hids | Shutting down application...
2025-05-13 22:24:45,309 | INFO | hids | Starting HIDS-Web API... (version: 2.0.0)
2025-05-13 22:24:45,312 | INFO | hids | Creating database tables (if not exist)...
2025-05-13 22:24:45,317 | INFO | hids | Database ready.
2025-05-13 22:24:52,929 | INFO | hids | Shutting down application...
2025-05-13 22:24:53,488 | INFO | hids | Starting HIDS-Web API... (version: 2.0.0)
2025-05-13 22:24:53,492 | INFO | hids | Creating database tables (if not exist)...
2025-05-13 22:24:53,497 | INFO | hids | Database ready.
2025-05-13 22:24:58,519 | INFO | hids | Shutting down application...
2025-05-13 22:24:59,114 | INFO | hids | Starting HIDS-Web API... (version: 2.0.0)
2025-05-13 22:24:59,117 | INFO | hids | Creating database tables (if not exist)...
2025-05-13 22:24:59,125 | INFO | hids | Database ready.
2025-05-13 22:24:59,041 | INFO | hids | Shutting down application...
2025-05-13 22:24:59,629 | INFO | hids | Starting HIDS-Web API... (version: 2.0.0)
2025-05-13 22:24:59,632 | INFO | hids | Creating database tables (if not exist)...
2025-05-13 22:24:59,641 | INFO | hids | Database ready.
2025-05-13 22:25:03,111 | INFO | hids | Shutting down application...
2025-05-13 22:25:03,690 | INFO | hids | Starting HIDS-Web API... (version: 2.0.0)
2025-05-13 22:25:03,693 | INFO | hids | Creating database tables (if not exist)...
2025-05-13 22:25:03,699 | INFO | hids | Database ready.
2025-05-13 22:25:16,559 | INFO | hids | Shutting down application...
2025-05-13 22:25:17,135 | INFO | hids | Starting HIDS-Web API... (version: 2.0.0)
2025-05-13 22:25:17,138 | INFO | hids | Creating database tables (if not exist)...
2025-05-13 22:25:17,144 | INFO | hids | Database ready.
2025-05-13 22:25:35,046 | INFO | hids | Shutting down application...
2025-05-13 22:25:35,655 | INFO | hids | Starting HIDS-Web API... (version: 2.0.0)
2025-05-13 22:25:35,659 | INFO | hids | Creating database tables (if not exist)...
2025-05-13 22:25:35,665 | INFO | hids | Database ready.
2025-05-13 22:25:54,523 | INFO | hids | Shutting down application...
2025-05-13 22:25:53,013 | INFO | hids | Starting HIDS-Web API... (version: 2.0.0)
2025-05-13 22:25:53,017 | INFO | hids | Creating database tables (if not exist)...
2025-05-13 22:25:53,022 | INFO | hids | Database ready.
2025-05-13 22:25:55,084 | INFO | hids | Shutting down application...
2025-05-13 22:25:55,784 | INFO | hids | Starting HIDS-Web API... (version: 2.0.0)
2025-05-13 22:25:55,787 | INFO | hids | Creating database tables (if not exist)...
2025-05-13 22:25:55,792 | INFO | hids | Database ready.
2025-05-13 22:25:56,976 | INFO | hids | Shutting down application...
2025-05-13 22:25:57,605 | INFO | hids | Starting HIDS-Web API... (version: 2.0.0)
2025-05-13 22:25:57,608 | INFO | hids | Creating database tables (if not exist)...
2025-05-13 22:25:57,614 | INFO | hids | Database ready.
2025-05-13 22:26:00,629 | INFO | hids | Shutting down application...
2025-05-13 22:26:01,182 | INFO | hids | Starting HIDS-Web API... (version: 2.0.0)
2025-05-13 22:26:01,184 | INFO | hids | Creating database tables (if not exist)...
2025-05-13 22:26:01,189 | INFO | hids | Database ready.
2025-05-13 22:26:05,372 | INFO | hids | Shutting down application...
2025-05-13 22:26:05,953 | INFO | hids | Starting HIDS-Web API... (version: 2.0.0)
2025-05-13 22:26:05,958 | INFO | hids | Creating database tables (if not exist)...
2025-05-13 22:26:05,964 | INFO | hids | Database ready.
2025-05-13 22:26:10,840 | INFO | hids | Shutting down application...
2025-05-13 22:26:11,449 | INFO | hids | Starting HIDS-Web API... (version: 2.0.0)
2025-05-13 22:26:11,451 | INFO | hids | Creating database tables (if not exist)...
2025-05-13 22:26:11,457 | INFO | hids | Database ready.
2025-05-13 22:26:12,331 | INFO | hids | Shutting down application...
2025-05-13 22:26:12,907 | INFO | hids | Starting HIDS-Web API... (version: 2.0.0)
2025-05-13 22:26:12,910 | INFO | hids | Creating database tables (if not exist)...
2025-05-13 22:26:12,915 | INFO | hids | Database ready.
2025-05-13 22:26:16,608 | INFO | hids | Shutting down application...
2025-05-13 22:26:17,199 | INFO | hids | Starting HIDS-Web API... (version: 2.0.0)
2025-05-13 22:26:17,204 | INFO | hids | Creating database tables (if not exist)...
2025-05-13 22:26:17,210 | INFO | hids | Database ready.
2025-05-13 22:26:20,265 | INFO | hids | Shutting down application...
2025-05-13 22:26:20,873 | INFO | hids | Starting HIDS-Web API... (version: 2.0.0)
2025-05-13 22:26:20,876 | INFO | hids | Creating database tables (if not exist)...
2025-05-13 22:26:20,882 | INFO | hids | Database ready.
2025-05-13 22:26:21,411 | INFO | hids | Shutting down application...
2025-05-13 22:26:22,057 | INFO | hids | Starting HIDS-Web API... (version: 2.0.0)
2025-05-13 22:26:22,061 | INFO | hids | Creating database tables (if not exist)...
2025-05-13 22:26:22,068 | INFO | hids | Database ready.
2025-05-13 22:26:23,522 | INFO | hids | Shutting down application...
2025-05-13 22:26:24,110 | INFO | hids | Starting HIDS-Web API... (version: 2.0.0)
2025-05-13 22:26:24,117 | INFO | hids | Creating database tables (if not exist)...
2025-05-13 22:26:24,123 | INFO | hids | Database ready.
2025-05-13 22:26:26,394 | INFO | hids | Shutting down application...
2025-05-13 22:26:27,019 | INFO | hids | Starting HIDS-Web API... (version: 2.0.0)
2025-05-13 22:26:27,022 | INFO | hids | Creating database tables (if not exist)...
2025-05-13 22:26:27,027 | INFO | hids | Database ready.
2025-05-13 22:26:49,136 | INFO | hids | Shutting down application...
2025-05-13 22:26:49,693 | INFO | hids | Starting HIDS-Web API... (version: 2.0.0)
2025-05-13 22:26:49,696 | INFO | hids | Creating database tables (if not exist)...
2025-05-13 22:26:49,703 | INFO | hids | Database ready.
2025-05-13 22:26:49,196 | INFO | hids | Shutting down application...
2025-05-13 22:26:49,789 | INFO | hids | Starting HIDS-Web API... (version: 2.0.0)
2025-05-13 22:26:49,793 | INFO | hids | Creating database tables (if not exist)...
2025-05-13 22:26:49,799 | INFO | hids | Database ready.
2025-05-13 22:26:52,723 | INFO | hids | Shutting down application...
2025-05-13 22:26:53,318 | INFO | hids | Starting HIDS-Web API... (version: 2.0.0)
2025-05-13 22:26:53,321 | INFO | hids | Creating database tables (if not exist)...
2025-05-13 22:26:53,327 | INFO | hids | Database ready.
2025-05-13 22:26:58,225 | INFO | hids | Shutting down application...
2025-05-13 22:26:58,827 | INFO | hids | Starting HIDS-Web API... (version: 2.0.0)
2025-05-13 22:26:58,830 | INFO | hids | Creating database tables (if not exist)...
2025-05-13 22:26:58,836 | INFO | hids | Database ready.
2025-05-13 22:26:59,683 | INFO | hids | Shutting down application...
2025-05-13 22:27:00,318 | INFO | hids | Starting HIDS-Web API... (version: 2.0.0)
2025-05-13 22:27:00,320 | INFO | hids | Creating database tables (if not exist)...
2025-05-13 22:27:00,326 | INFO | hids | Database ready.
2025-05-13 22:27:15,827 | INFO | hids | Shutting down application...
2025-05-13 22:27:16,446 | INFO | hids | Starting HIDS-Web API... (version: 2.0.0)
2025-05-13 22:27:16,448 | INFO | hids | Creating database tables (if not exist)...
2025-05-13 22:27:16,455 | INFO | hids | Database ready.
2025-05-13 22:27:30,408 | INFO | hids | Shutting down application...
2025-05-13 22:27:31,035 | INFO | hids | Starting HIDS-Web API... (version: 2.0.0)
2025-05-13 22:27:31,038 | INFO | hids | Creating database tables (if not exist)...
2025-05-13 22:27:31,043 | INFO | hids | Database ready.
2025-05-13 22:27:36,969 | INFO | hids | Shutting down application...
2025-05-13 22:27:37,895 | INFO | hids | Starting HIDS-Web API... (version: 2.0.0)
2025-05-13 22:27:37,898 | INFO | hids | Creating database tables (if not exist)...
2025-05-13 22:27:37,904 | INFO | hids | Database ready.
2025-05-13 22:53:38,427 | INFO | hids | Shutting down application...
2025-05-19 18:31:05,409 | INFO | hids | Starting HIDS-Web API... (version: 2.0.0)
2025-05-19 18:31:05,412 | INFO | hids | Creating database tables (if not exist)...
2025-05-19 18:31:05,420 | INFO | hids | Database ready.
2025-05-19 20:40:13,151 | INFO | hids | Shutting down application...
2025-05-19 20:48:17,846 | INFO | hids | Starting HIDS-Web API... (version: 2.0.0)
2025-05-19 20:48:17,849 | INFO | hids | Creating database tables (if not exist)...
2025-05-19 20:48:17,855 | INFO | hids | Database ready.
2025-05-19 20:48:33,600 | INFO | hids | Shutting down application...
2025-05-19 20:48:34,036 | INFO | hids | Starting HIDS-Web API... (version: 2.0.0)
2025-05-19 20:48:34,038 | INFO | hids | Creating database tables (if not exist)...
2025-05-19 20:48:34,040 | INFO | hids | Database ready.
2025-05-19 20:48:35,345 | INFO | hids | Shutting down application...
2025-05-19 20:48:35,798 | INFO | hids | Starting HIDS-Web API... (version: 2.0.0)
2025-05-19 20:48:35,801 | INFO | hids | Creating database tables (if not exist)...
2025-05-19 20:48:35,805 | INFO | hids | Database ready.
2025-05-19 20:48:41,418 | INFO | hids | Shutting down application...
2025-05-19 20:48:59,933 | INFO | hids | Starting HIDS-Web API... (version: 2.0.0)
2025-05-19 20:48:59,934 | INFO | hids | Creating database tables (if not exist)...
2025-05-19 20:48:59,937 | INFO | hids | Database ready.
2025-05-19 20:49:05,349 | INFO | hids | Shutting down application...
2025-05-24 07:54:31,139 | INFO | hids | Starting HIDS-Web API... (version: 2.0.0)
2025-05-24 07:54:34,982 | INFO | hids | Starting HIDS-Web API... (version: 2.0.0)
2025-05-24 07:54:34,986 | INFO | hids | Creating database tables (if not exist)...
2025-05-24 07:54:34,992 | INFO | hids | Database ready.
2025-05-24 07:54:41,155 | INFO | hids | Shutting down application...
2025-05-24 07:54:59,575 | INFO | hids | Starting HIDS-Web API... (version: 2.0.0)
2025-05-24 07:54:59,578 | INFO | hids | Creating database tables (if not exist)...
2025-05-24 07:54:59,581 | INFO | hids | Database ready.
2025-05-24 07:56:03,446 | INFO | hids | Shutting down application...
2025-05-24 07:59:05,389 | INFO | hids | Starting HIDS-Web API... (version: 2.0.0)
2025-05-24 07:59:05,393 | INFO | hids | Creating database tables (if not exist)...
2025-05-24 07:59:05,398 | INFO | hids | Database ready.
2025-05-24 08:03:13,769 | INFO | hids | Shutting down application...
2025-05-24 08:11:13,989 | INFO | hids | Starting HIDS-Web API... (version: 2.0.0)
2025-05-24 08:11:13,992 | INFO | hids | Creating database tables (if not exist)...
2025-05-24 08:11:14,046 | INFO | hids | Database ready.
2025-05-24 08:11:48,303 | INFO | hids | Shutting down application...
2025-05-24 08:11:48,912 | INFO | hids | Starting HIDS-Web API... (version: 2.0.0)
2025-05-24 08:11:48,915 | INFO | hids | Creating database tables (if not exist)...
2025-05-24 08:11:48,921 | INFO | hids | Database ready.
2025-05-24 08:12:24,295 | INFO | hids | Shutting down application...
2025-05-24 08:12:24,907 | INFO | hids | Starting HIDS-Web API... (version: 2.0.0)
2025-05-24 08:12:24,909 | INFO | hids | Creating database tables (if not exist)...
2025-05-24 08:12:24,916 | INFO | hids | Database ready.
2025-05-24 08:12:39,889 | INFO | hids | Shutting down application...
2025-05-24 08:12:40,476 | INFO | hids | Starting HIDS-Web API... (version: 2.0.0)
2025-05-24 08:12:40,479 | INFO | hids | Creating database tables (if not exist)...
2025-05-24 08:12:40,485 | INFO | hids | Database ready.
2025-05-24 08:12:46,026 | INFO | hids | Shutting down application...
2025-05-24 08:12:46,625 | INFO | hids | Starting HIDS-Web API... (version: 2.0.0)
2025-05-24 08:12:46,628 | INFO | hids | Creating database tables (if not exist)...
2025-05-24 08:12:46,633 | INFO | hids | Database ready.
2025-05-24 08:12:48,440 | INFO | hids | Shutting down application...
2025-05-24 08:12:49,104 | INFO | hids | Starting HIDS-Web API... (version: 2.0.0)
2025-05-24 08:12:49,106 | INFO | hids | Creating database tables (if not exist)...
2025-05-24 08:12:49,113 | INFO | hids | Database ready.
2025-05-24 08:12:50,819 | INFO | hids | Shutting down application...
2025-05-24 08:12:51,454 | INFO | hids | Starting HIDS-Web API... (version: 2.0.0)
2025-05-24 08:12:51,456 | INFO | hids | Creating database tables (if not exist)...
2025-05-24 08:12:51,462 | INFO | hids | Database ready.
2025-05-24 08:28:14,141 | INFO | hids | Shutting down application...
2025-05-24 08:28:15,575 | INFO | hids | Starting HIDS-Web API... (version: 2.0.0)
2025-05-24 08:28:15,579 | INFO | hids | Creating database tables (if not exist)...
2025-05-24 08:28:15,591 | INFO | hids | Database ready.
2025-05-24 08:28:30,445 | INFO | hids | Shutting down application...
2025-05-24 08:28:31,014 | INFO | hids | Starting HIDS-Web API... (version: 2.0.0)
2025-05-24 08:28:31,017 | INFO | hids | Creating database tables (if not exist)...
2025-05-24 08:28:31,023 | INFO | hids | Database ready.
2025-05-24 08:29:33,896 | INFO | hids | Shutting down application...
2025-05-24 08:29:34,493 | INFO | hids | Starting HIDS-Web API... (version: 2.0.0)
2025-05-24 08:29:34,495 | INFO | hids | Creating database tables (if not exist)...
2025-05-24 08:29:34,502 | INFO | hids | Database ready.
2025-05-24 08:30:30,266 | INFO | hids | Shutting down application...
2025-05-24 08:30:31,036 | INFO | hids | Starting HIDS-Web API... (version: 2.0.0)
2025-05-24 08:30:31,039 | INFO | hids | Creating database tables (if not exist)...
2025-05-24 08:30:31,046 | INFO | hids | Database ready.
2025-05-24 08:30:32,250 | INFO | hids | Shutting down application...
2025-05-24 08:36:20,748 | INFO | hids | Starting HIDS-Web API... (version: 2.0.0)
2025-05-24 08:36:20,752 | INFO | hids | Creating database tables (if not exist)...
2025-05-24 08:36:20,759 | INFO | hids | Database ready.
2025-05-24 08:42:19,853 | INFO | hids | Shutting down application...
2025-05-24 08:42:27,740 | INFO | hids | Starting HIDS-Web API... (version: 2.0.0)
2025-05-24 08:42:27,743 | INFO | hids | Creating database tables (if not exist)...
2025-05-24 08:42:27,762 | INFO | hids | Database ready.
2025-05-24 08:42:29,869 | INFO | hids | Shutting down application...
2025-05-24 08:42:30,569 | INFO | hids | Starting HIDS-Web API... (version: 2.0.0)
2025-05-24 08:42:30,572 | INFO | hids | Creating database tables (if not exist)...
2025-05-24 08:42:30,578 | INFO | hids | Database ready.
2025-05-24 08:43:27,940 | INFO | hids | Shutting down application...
2025-05-24 08:43:29,750 | INFO | hids | Starting HIDS-Web API... (version: 2.0.0)
2025-05-24 08:43:29,753 | INFO | hids | Creating database tables (if not exist)...
2025-05-24 08:43:29,759 | INFO | hids | Database ready.
2025-05-24 08:46:26,362 | INFO | hids | Shutting down application...
2025-05-24 08:46:27,160 | INFO | hids | Starting HIDS-Web API... (version: 2.0.0)
2025-05-24 08:46:27,165 | INFO | hids | Creating database tables (if not exist)...
2025-05-24 08:46:27,173 | INFO | hids | Database ready.
2025-05-24 08:46:31,885 | INFO | hids | Shutting down application...
2025-05-24 08:46:32,534 | INFO | hids | Starting HIDS-Web API... (version: 2.0.0)
2025-05-24 08:46:32,537 | INFO | hids | Creating database tables (if not exist)...
2025-05-24 08:46:32,544 | INFO | hids | Database ready.
2025-05-24 08:47:37,776 | INFO | hids | Shutting down application...
2025-05-24 08:47:40,351 | INFO | hids | Starting HIDS-Web API... (version: 2.0.0)
2025-05-24 08:47:40,355 | INFO | hids | Creating database tables (if not exist)...
2025-05-24 08:47:40,362 | INFO | hids | Database ready.
2025-05-24 08:48:05,415 | INFO | hids | Shutting down application...
2025-05-24 08:48:06,068 | INFO | hids | Starting HIDS-Web API... (version: 2.0.0)
2025-05-24 08:48:06,072 | INFO | hids | Creating database tables (if not exist)...
2025-05-24 08:48:06,078 | INFO | hids | Database ready.
2025-05-24 08:49:32,130 | INFO | hids | Shutting down application...
2025-05-24 08:49:32,762 | INFO | hids | Starting HIDS-Web API... (version: 2.0.0)
2025-05-24 08:49:32,765 | INFO | hids | Creating database tables (if not exist)...
2025-05-24 08:49:32,770 | INFO | hids | Database ready.
2025-05-24 08:49:40,288 | INFO | hids | Shutting down application...
2025-05-24 08:49:40,841 | INFO | hids | Starting HIDS-Web API... (version: 2.0.0)
2025-05-24 08:49:40,843 | INFO | hids | Creating database tables (if not exist)...
2025-05-24 08:49:40,849 | INFO | hids | Database ready.
2025-05-24 08:49:43,059 | INFO | hids | Shutting down application...
2025-05-24 08:49:43,626 | INFO | hids | Starting HIDS-Web API... (version: 2.0.0)
2025-05-24 08:49:43,629 | INFO | hids | Creating database tables (if not exist)...
2025-05-24 08:49:43,636 | INFO | hids | Database ready.
2025-05-24 08:52:57,990 | INFO | hids | Shutting down application...
2025-05-24 08:52:58,745 | INFO | hids | Starting HIDS-Web API... (version: 2.0.0)
2025-05-24 08:52:58,749 | INFO | hids | Creating database tables (if not exist)...
2025-05-24 08:52:58,756 | INFO | hids | Database ready.
2025-05-24 08:53:07,476 | INFO | hids | Shutting down application...
2025-05-24 08:53:08,179 | INFO | hids | Starting HIDS-Web API... (version: 2.0.0)
2025-05-24 08:53:08,185 | INFO | hids | Creating database tables (if not exist)...
2025-05-24 08:53:08,195 | INFO | hids | Database ready.
2025-05-24 08:53:49,433 | INFO | hids | Shutting down application...
2025-05-24 08:53:50,111 | INFO | hids | Starting HIDS-Web API... (version: 2.0.0)
2025-05-24 08:53:50,116 | INFO | hids | Creating database tables (if not exist)...
2025-05-24 08:53:50,122 | INFO | hids | Database ready.
2025-05-24 08:53:51,135 | INFO | hids | Shutting down application...
2025-05-24 08:53:51,769 | INFO | hids | Starting HIDS-Web API... (version: 2.0.0)
2025-05-24 08:53:51,773 | INFO | hids | Creating database tables (if not exist)...
2025-05-24 08:53:51,780 | INFO | hids | Database ready.
2025-05-24 08:53:52,891 | INFO | hids | Shutting down application...
2025-05-24 08:53:53,525 | INFO | hids | Starting HIDS-Web API... (version: 2.0.0)
2025-05-24 08:53:53,528 | INFO | hids | Creating database tables (if not exist)...
2025-05-24 08:53:53,533 | INFO | hids | Database ready.
2025-05-24 08:53:54,642 | INFO | hids | Shutting down application...
2025-05-24 08:53:55,263 | INFO | hids | Starting HIDS-Web API... (version: 2.0.0)
2025-05-24 08:53:55,266 | INFO | hids | Creating database tables (if not exist)...
2025-05-24 08:53:55,273 | INFO | hids | Database ready.
2025-05-24 08:53:57,981 | INFO | hids | Shutting down application...
2025-05-24 08:53:58,636 | INFO | hids | Starting HIDS-Web API... (version: 2.0.0)
2025-05-24 08:53:58,640 | INFO | hids | Creating database tables (if not exist)...
2025-05-24 08:53:58,645 | INFO | hids | Database ready.
2025-05-24 08:53:59,047 | INFO | hids | Shutting down application...
2025-05-24 08:53:59,728 | INFO | hids | Starting HIDS-Web API... (version: 2.0.0)
2025-05-24 08:53:59,731 | INFO | hids | Creating database tables (if not exist)...
2025-05-24 08:53:59,737 | INFO | hids | Database ready.
2025-05-24 08:54:02,545 | INFO | hids | Shutting down application...
2025-05-24 08:54:03,184 | INFO | hids | Starting HIDS-Web API... (version: 2.0.0)
2025-05-24 08:54:03,187 | INFO | hids | Creating database tables (if not exist)...
2025-05-24 08:54:03,194 | INFO | hids | Database ready.
2025-05-24 08:54:03,998 | INFO | hids | Shutting down application...
2025-05-24 08:54:04,647 | INFO | hids | Starting HIDS-Web API... (version: 2.0.0)
2025-05-24 08:54:04,651 | INFO | hids | Creating database tables (if not exist)...
2025-05-24 08:54:04,658 | INFO | hids | Database ready.
2025-05-24 08:54:07,366 | INFO | hids | Shutting down application...
2025-05-24 08:54:07,991 | INFO | hids | Starting HIDS-Web API... (version: 2.0.0)
2025-05-24 08:54:07,994 | INFO | hids | Creating database tables (if not exist)...
2025-05-24 08:54:08,000 | INFO | hids | Database ready.
2025-05-24 08:54:11,109 | INFO | hids | Shutting down application...
2025-05-24 08:54:11,718 | INFO | hids | Starting HIDS-Web API... (version: 2.0.0)
2025-05-24 08:54:11,721 | INFO | hids | Creating database tables (if not exist)...
2025-05-24 08:54:11,726 | INFO | hids | Database ready.
2025-05-24 08:54:15,235 | INFO | hids | Shutting down application...
2025-05-24 08:54:15,824 | INFO | hids | Starting HIDS-Web API... (version: 2.0.0)
2025-05-24 08:54:15,826 | INFO | hids | Creating database tables (if not exist)...
2025-05-24 08:54:15,832 | INFO | hids | Database ready.
2025-05-24 08:54:18,873 | INFO | hids | Shutting down application...
2025-05-24 08:54:19,544 | INFO | hids | Starting HIDS-Web API... (version: 2.0.0)
2025-05-24 08:54:19,547 | INFO | hids | Creating database tables (if not exist)...
2025-05-24 08:54:19,553 | INFO | hids | Database ready.
2025-05-24 08:54:28,727 | INFO | hids | Shutting down application...
2025-05-24 08:54:29,314 | INFO | hids | Starting HIDS-Web API... (version: 2.0.0)
2025-05-24 08:54:29,317 | INFO | hids | Creating database tables (if not exist)...
2025-05-24 08:54:29,323 | INFO | hids | Database ready.
2025-05-24 08:54:31,829 | INFO | hids | Shutting down application...
2025-05-24 08:54:32,384 | INFO | hids | Starting HIDS-Web API... (version: 2.0.0)
2025-05-24 08:54:32,387 | INFO | hids | Creating database tables (if not exist)...
2025-05-24 08:54:32,393 | INFO | hids | Database ready.
2025-05-24 08:54:35,502 | INFO | hids | Shutting down application...
2025-05-24 08:54:36,166 | INFO | hids | Starting HIDS-Web API... (version: 2.0.0)
2025-05-24 08:54:36,170 | INFO | hids | Creating database tables (if not exist)...
2025-05-24 08:54:36,176 | INFO | hids | Database ready.
2025-05-24 08:55:21,933 | INFO | hids | Shutting down application...
2025-05-24 08:55:23,029 | INFO | hids | Starting HIDS-Web API... (version: 2.0.0)
2025-05-24 08:55:23,032 | INFO | hids | Creating database tables (if not exist)...
2025-05-24 08:55:23,038 | INFO | hids | Database ready.
2025-05-24 08:55:27,459 | INFO | hids | Shutting down application...
2025-05-24 08:55:28,102 | INFO | hids | Starting HIDS-Web API... (version: 2.0.0)
2025-05-24 08:55:28,105 | INFO | hids | Creating database tables (if not exist)...
2025-05-24 08:55:28,110 | INFO | hids | Database ready.
2025-05-24 08:55:41,040 | INFO | hids | Shutting down application...
2025-05-24 08:55:44,267 | INFO | hids | Starting HIDS-Web API... (version: 2.0.0)
2025-05-24 08:55:44,270 | INFO | hids | Creating database tables (if not exist)...
2025-05-24 08:55:44,276 | INFO | hids | Database ready.
2025-05-24 08:57:02,478 | INFO | hids | Shutting down application...
2025-05-24 08:57:03,118 | INFO | hids | Starting HIDS-Web API... (version: 2.0.0)
2025-05-24 08:57:03,121 | INFO | hids | Creating database tables (if not exist)...
2025-05-24 08:57:03,127 | INFO | hids | Database ready.
2025-05-24 09:11:38,785 | INFO | hids | Shutting down application...
2025-05-24 09:12:06,495 | INFO | hids | Starting HIDS-Web API... (version: 2.0.0)
2025-05-24 09:12:06,497 | INFO | hids | Creating database tables (if not exist)...
2025-05-24 09:12:06,507 | INFO | hids | Database ready.
2025-05-24 09:17:46,676 | INFO | hids | Shutting down application...
2025-05-24 09:19:34,205 | INFO | hids | Starting HIDS-Web API... (version: 2.0.0)
2025-05-24 09:19:34,208 | INFO | hids | Creating database tables (if not exist)...
2025-05-24 09:19:34,267 | INFO | hids | Database ready.
2025-05-24 09:19:57,936 | WARNING | passlib.handlers.bcrypt | (trapped) error reading bcrypt version
Traceback (most recent call last):
  File "/usr/local/lib/python3.10/site-packages/passlib/handlers/bcrypt.py", line 620, in _load_backend_mixin
    version = _bcrypt.__about__.__version__
AttributeError: module 'bcrypt' has no attribute '__about__'
2025-05-24 09:27:47,139 | INFO | hids | Shutting down application...
2025-05-24 09:28:25,473 | INFO | hids | Starting HIDS-Web API... (version: 2.0.0)
2025-05-24 09:28:25,477 | INFO | hids | Creating database tables (if not exist)...
2025-05-24 09:28:25,523 | INFO | hids | Database ready.
2025-05-24 09:28:42,097 | WARNING | passlib.handlers.bcrypt | (trapped) error reading bcrypt version
Traceback (most recent call last):
  File "/usr/local/lib/python3.10/site-packages/passlib/handlers/bcrypt.py", line 620, in _load_backend_mixin
    version = _bcrypt.__about__.__version__
AttributeError: module 'bcrypt' has no attribute '__about__'
2025-05-24 09:29:53,718 | INFO | hids | Shutting down application...
2025-05-24 09:29:54,589 | INFO | hids | Starting HIDS-Web API... (version: 2.0.0)
2025-05-24 09:29:54,592 | INFO | hids | Creating database tables (if not exist)...
2025-05-24 09:29:54,599 | INFO | hids | Database ready.
2025-05-24 09:29:57,045 | INFO | hids | Shutting down application...
2025-05-24 09:30:01,215 | INFO | hids | Starting HIDS-Web API... (version: 2.0.0)
2025-05-24 09:30:01,218 | INFO | hids | Creating database tables (if not exist)...
2025-05-24 09:30:01,224 | INFO | hids | Database ready.
2025-05-24 09:30:06,971 | WARNING | passlib.handlers.bcrypt | (trapped) error reading bcrypt version
Traceback (most recent call last):
  File "/usr/local/lib/python3.10/site-packages/passlib/handlers/bcrypt.py", line 620, in _load_backend_mixin
    version = _bcrypt.__about__.__version__
AttributeError: module 'bcrypt' has no attribute '__about__'
2025-05-24 09:32:55,232 | INFO | hids | Shutting down application...
2025-05-24 09:32:56,667 | INFO | hids | Starting HIDS-Web API... (version: 2.0.0)
2025-05-24 09:32:56,670 | INFO | hids | Creating database tables (if not exist)...
2025-05-24 09:32:56,679 | INFO | hids | Database ready.
2025-05-24 09:32:56,984 | INFO | hids | Shutting down application...
2025-05-24 09:32:57,597 | INFO | hids | Starting HIDS-Web API... (version: 2.0.0)
2025-05-24 09:32:57,601 | INFO | hids | Creating database tables (if not exist)...
2025-05-24 09:32:57,608 | INFO | hids | Database ready.
2025-05-24 09:33:02,326 | INFO | hids | Shutting down application...
2025-05-24 09:33:03,011 | INFO | hids | Starting HIDS-Web API... (version: 2.0.0)
2025-05-24 09:33:03,014 | INFO | hids | Creating database tables (if not exist)...
2025-05-24 09:33:03,021 | INFO | hids | Database ready.
2025-05-24 09:33:06,840 | INFO | hids | Shutting down application...
2025-05-24 09:33:07,516 | INFO | hids | Starting HIDS-Web API... (version: 2.0.0)
2025-05-24 09:33:07,521 | INFO | hids | Creating database tables (if not exist)...
2025-05-24 09:33:07,528 | INFO | hids | Database ready.
2025-05-24 09:33:09,838 | WARNING | passlib.handlers.bcrypt | (trapped) error reading bcrypt version
Traceback (most recent call last):
  File "/usr/local/lib/python3.10/site-packages/passlib/handlers/bcrypt.py", line 620, in _load_backend_mixin
    version = _bcrypt.__about__.__version__
AttributeError: module 'bcrypt' has no attribute '__about__'
2025-05-24 23:18:56,426 | INFO | hids | Shutting down application...
2025-05-26 10:18:13,575 | INFO | hids | Starting HIDS-Web API... (version: 2.0.0)
2025-05-26 10:18:13,579 | INFO | hids | Creating database tables (if not exist)...
2025-05-26 10:18:13,589 | INFO | hids | Database ready.
2025-05-26 10:18:52,204 | WARNING | passlib.handlers.bcrypt | (trapped) error reading bcrypt version
Traceback (most recent call last):
  File "/usr/local/lib/python3.10/site-packages/passlib/handlers/bcrypt.py", line 620, in _load_backend_mixin
    version = _bcrypt.__about__.__version__
AttributeError: module 'bcrypt' has no attribute '__about__'
2025-05-26 10:22:05,538 | INFO | hids | Shutting down application...
2025-05-26 10:53:03,697 | INFO | hids | Starting HIDS-Web API... (version: 2.0.0)
2025-05-26 10:53:03,703 | INFO | hids | Creating database tables (if not exist)...
2025-05-26 10:53:03,715 | INFO | hids | Database ready.
2025-05-26 10:57:22,516 | INFO | hids | Shutting down application...
2025-05-26 10:57:23,312 | INFO | hids | Starting HIDS-Web API... (version: 2.0.0)
2025-05-26 10:57:23,320 | INFO | hids | Creating database tables (if not exist)...
2025-05-26 10:57:23,330 | INFO | hids | Database ready.
2025-05-26 10:57:31,549 | INFO | hids | Shutting down application...
2025-05-26 10:57:32,360 | INFO | hids | Starting HIDS-Web API... (version: 2.0.0)
2025-05-26 10:57:32,370 | INFO | hids | Creating database tables (if not exist)...
2025-05-26 10:57:32,380 | INFO | hids | Database ready.
2025-05-26 10:57:46,323 | INFO | hids | Shutting down application...
2025-05-26 10:57:47,216 | INFO | hids | Starting HIDS-Web API... (version: 2.0.0)
2025-05-26 10:57:47,220 | INFO | hids | Creating database tables (if not exist)...
2025-05-26 10:57:47,231 | INFO | hids | Database ready.
2025-05-26 10:57:54,047 | INFO | hids | Shutting down application...
2025-05-26 10:57:54,778 | INFO | hids | Starting HIDS-Web API... (version: 2.0.0)
2025-05-26 10:57:54,782 | INFO | hids | Creating database tables (if not exist)...
2025-05-26 10:57:54,790 | INFO | hids | Database ready.
